<?xml version="1.0" encoding="UTF-8"?>
<testsuite xmlns:xsi="http://www.w3.org/2001/XMLSchema-instance" xsi:noNamespaceSchemaLocation="https://maven.apache.org/surefire/maven-surefire-plugin/xsd/surefire-test-report.xsd" name="br.com.vivo.api.plans.restapi.PainelControllerIntegrationIntegrationTest" time="0.079" tests="2" errors="0" skipped="0" failures="0">
  <properties>
[...]
</properties>
  <testcase name="given_120_minute_plan_when_origin_018_and_destination_011_then_45_minutes_value_is" classname="br.com.vivo.api.plans.restapi.PainelControllerIntegrationIntegrationTest" time="0.034"/>
  <testcase name="given_30_minute_plan_when_origin_017_and_destination_011_then_45_minutes_value_iss" classname="br.com.vivo.api.plans.restapi.PainelControllerIntegrationIntegrationTest" time="0.034"/>
</testsuite>